3|1|Genomgång av uppgift|Läs igenom pdf och strök över 
3|1|Kodgenomgång|Kör programmet och sätt in mig i koden/kommentera
3|1|Planera tasks|Vilka tasks hänger ihop? Vilken ordningsföljd?
3|1|Uppdatera "hjälp"|
3|1|"ladda"|ladda listan todo.lis
3|1|Menysystemet| Så det tar in framtida kommandon
3|2|"ladda /fil/"|ladda filen fil
3|1|"spara"|spara uppgifterna
3|2|"spara /fil/"|spara uppgifterna på filen /fil/
3|1|"sluta"|spara senast laddade filen och avsluta programmet!
3|1|"beskriv"|lista alla Active uppgifter, status, prioritet, namn och beskrivning
3|2|"beskriv allt"|lista alla uppgifter (oavsett status), status, prioritet, namn och beskrivning
3|1|"lista"|lista alla Active uppgifter, status, prioritet, och namn på uppgiften
3|1|"lista allt"|lista alla uppgifter (oavsett status), status, prioritet, och namn på uppgiften
3|2|"lista väntande"|listar alla väntande uppgifter
3|2|"lista klara"|listar alla klara uppgifter
3|1|"ny"|skapa en ny uppgift
3|2|"ny /uppgift/"|skapa en ny uppgift med namnet /uppgift/
3|2|"redigera /uppgift/"|redigera en uppgift med namnet /uppgift/
3|2|"kopiera /uppgift/"|redigera en uppgift med namnet /uppgift/ till namnet /uppgift, 2/
3|1|"aktivera /uppgift"|sätt status på uppgift till Active
3|1|"klar /uppgift/"|sätt status på uppgift till Ready
3|1|"vänta /uppgift/"|sätt status på uppgift till Waiting
3|2|HittaIndex|Gör en metod av hitta index för objekt i listan
3|2|Metod för consolinmatning|Merge på kod som är liknande. Användaren fyller i attribut...
3|2|Merge två metoder|Slå ihop kod från metoderna Amend och Copy to List
3|3|Korta ner Main|Ev byta tex if mot switch, + få in rakare metodanrop
3|2|MyIO-klassen|Kan jag rensa bort hela MyIO-klassen.
3|2|Private/Public|Se över vad som är private/public
3|2|Dubbelkolla utfall av alla användarfall. Ngt blir inte exakt lika men det känns mer estetiskt.
3|2|Parameternamn|Gå igenom dem och gör dem mera "talande"
3|2|Allmän tillsnyggning|Försök få koden att bli lättare att följa
3|3|Fas 3 felhantering|Tillse att användaren ej kan krascha programmet
3|3|ChangeStatus|Fixa till så att den inte kraschar om man ej anger uppgift
2|4|Menys bredd|Fixa så att man tar hänsyn till stränglängd. Ej prioriterat!
2|4|HeadOrFoot|Ev förenkla med genom att ta bort PrintHead + PrintFoot. Ej prioriterat!